<?xml version="1.0" encoding="UTF-8"?>
<!-- Generated by org.testng.reporters.JUnitXMLReporter -->
<testsuite ignored="0" hostname="AH4000735LT" failures="0" tests="6" name="Default test" time="300.201" errors="0" timestamp="2024-01-05T12:25:16 IST">
  <testcase classname="basePackage.BaseDriver" name="scenario" time="46.949"/>
  <testcase classname="basePackage.BaseDriver" name="scenario" time="70.076"/>
  <testcase classname="basePackage.BaseDriver" name="scenario" time="62.491"/>
  <testcase classname="basePackage.BaseDriver" name="scenario" time="45.146"/>
  <testcase classname="basePackage.BaseDriver" name="scenario" time="27.265"/>
  <testcase classname="basePackage.BaseDriver" name="scenario" time="44.79"/>
</testsuite> <!-- Default test -->
