<?xml version="1.0" encoding="UTF-8" standalone="no"?>
<testsuite errors="0" failures="0" name="io.cucumber.core.plugin.JUnitFormatter" skipped="0" tests="1" time="39.159">
    <testcase classname="guru99 login feature" name="guru99 login test scenario" time="38.507">
        <system-out><![CDATA[Given user is present on login page.........................................passed
And title of login page is GTPL Bank Home Page..............................passed
When user enters userID and Password from given sheetname "loginDetails" and rownumber 0.passed
And user clicks on login button.............................................passed
Then user is on home page...................................................passed
And user clicks on telecom project and selects add customer.................passed
]]></system-out>
    </testcase>
</testsuite>
