<?xml version="1.0" encoding="UTF-8"?>
<!-- Generated by org.testng.reporters.JUnitXMLReporter -->
<testsuite ignored="0" hostname="AH4000691LT" failures="1" tests="1" name="Default test" time="32.171" errors="0" timestamp="2022-07-04T08:59:53 IST">
  <testcase classname="basePackage.BaseDriver" name="scenario" time="30.992">
    <failure type="java.lang.IllegalArgumentException" message="Keys to send should be a not null CharSequence">
      <![CDATA[java.lang.IllegalArgumentException: Keys to send should be a not null CharSequence
at org.openqa.selenium.remote.RemoteWebElement.sendKeys(RemoteWebElement.java:97)
at pages.LoginAddCustomerPage.EnterBillingAddress(LoginAddCustomerPage.java:91)
at stepDefinition.LoginStepDefinition.User_Enters_BillingAddress(LoginStepDefinition.java:157)
at ✽.user enters billing address from given sheetname "loginDetails" and rownumber 0(file:///C:/Users/Jayesh.Kulkarni/eclipse-workspace/CucumberBDDTestNG/src/test/resources/features/Login.feature:16)
]]>
    </failure>
  </testcase> <!-- scenario -->
</testsuite> <!-- Default test -->
