<?xml version="1.0" encoding="UTF-8"?>
<testng-results ignored="0" total="2" passed="2" failed="0" skipped="0">
  <reporter-output>
  </reporter-output>
  <suite started-at="2022-02-16T16:38:03 IST" name="Default suite" finished-at="2022-02-16T16:39:05 IST" duration-ms="62319">
    <groups>
      <group name="cucumber">
        <method signature="BaseDriver.scenario(io.cucumber.testng.PickleWrapper,io.cucumber.testng.FeatureWrapper)[pri:0, instance:runner.TestRunner@49049a04]" name="scenario" class="basePackage.BaseDriver"/>
      </group> <!-- cucumber -->
    </groups>
    <test started-at="2022-02-16T16:38:03 IST" name="Default test" finished-at="2022-02-16T16:39:05 IST" duration-ms="62319">
      <class name="runner.TestRunner">
        <test-method is-config="true" signature="setUpClass()[pri:0, instance:runner.TestRunner@49049a04]" started-at="2022-02-16T16:38:03 IST" name="setUpClass" finished-at="2022-02-16T16:38:04 IST" duration-ms="753" status="PASS">
          <reporter-output>
          </reporter-output>
        </test-method> <!-- setUpClass -->
        <test-method signature="scenario(io.cucumber.testng.PickleWrapper,io.cucumber.testng.FeatureWrapper)[pri:0, instance:runner.TestRunner@49049a04]" started-at="2022-02-16T16:38:04 IST" name="scenario" description="Runs Cucumber Scenarios" data-provider="scenarios" finished-at="2022-02-16T16:39:05 IST" duration-ms="61448" status="PASS">
          <params>
            <param index="0">
              <value>
                <![CDATA["guru99 login and Add tariff plan test scenario"]]>
              </value>
            </param>
            <param index="1">
              <value>
                <![CDATA["Optional[guru99 login feature]"]]>
              </value>
            </param>
          </params>
          <reporter-output>
          </reporter-output>
        </test-method> <!-- scenario -->
        <test-method signature="scenario(io.cucumber.testng.PickleWrapper,io.cucumber.testng.FeatureWrapper)[pri:0, instance:runner.TestRunner@49049a04]" started-at="2022-02-16T16:38:04 IST" name="scenario" description="Runs Cucumber Scenarios" data-provider="scenarios" finished-at="2022-02-16T16:39:03 IST" duration-ms="59350" status="PASS">
          <params>
            <param index="0">
              <value>
                <![CDATA["guru99 login and Add customer test scenario"]]>
              </value>
            </param>
            <param index="1">
              <value>
                <![CDATA["Optional[guru99 login feature]"]]>
              </value>
            </param>
          </params>
          <reporter-output>
          </reporter-output>
        </test-method> <!-- scenario -->
        <test-method is-config="true" signature="tearDownClass()[pri:0, instance:runner.TestRunner@49049a04]" started-at="2022-02-16T16:39:05 IST" name="tearDownClass" finished-at="2022-02-16T16:39:05 IST" duration-ms="61" status="PASS">
          <reporter-output>
          </reporter-output>
        </test-method> <!-- tearDownClass -->
      </class> <!-- runner.TestRunner -->
    </test> <!-- Default test -->
  </suite> <!-- Default suite -->
</testng-results>
