<?xml version="1.0" encoding="UTF-8"?>
<testng-results ignored="0" total="1" passed="0" failed="1" skipped="0">
  <reporter-output>
  </reporter-output>
  <suite started-at="2022-07-02T14:21:31 IST" name="Default suite" finished-at="2022-07-02T14:21:33 IST" duration-ms="1200">
    <groups>
      <group name="cucumber">
        <method signature="BaseDriver.scenario(io.cucumber.testng.PickleWrapper,io.cucumber.testng.FeatureWrapper)[pri:0, instance:runner.TestRunner@f5acb9d]" name="scenario" class="basePackage.BaseDriver"/>
      </group> <!-- cucumber -->
    </groups>
    <test started-at="2022-07-02T14:21:31 IST" name="Default test" finished-at="2022-07-02T14:21:33 IST" duration-ms="1200">
      <class name="runner.TestRunner">
        <test-method is-config="true" signature="setUpClass()[pri:0, instance:runner.TestRunner@f5acb9d]" started-at="2022-07-02T14:21:31 IST" name="setUpClass" finished-at="2022-07-02T14:21:32 IST" duration-ms="928" status="PASS">
          <reporter-output>
          </reporter-output>
        </test-method> <!-- setUpClass -->
        <test-method signature="scenario(io.cucumber.testng.PickleWrapper,io.cucumber.testng.FeatureWrapper)[pri:0, instance:runner.TestRunner@f5acb9d]" started-at="2022-07-02T14:21:32 IST" name="scenario" description="Runs Cucumber Scenarios" data-provider="scenarios" finished-at="2022-07-02T14:21:33 IST" duration-ms="161" status="FAIL">
          <params>
            <param index="0">
              <value>
                <![CDATA["guru99 login test scenario"]]>
              </value>
            </param>
            <param index="1">
              <value>
                <![CDATA["Optional[guru99 login feature]"]]>
              </value>
            </param>
          </params>
          <exception class="java.lang.NullPointerException">
            <message>
              <![CDATA[Cannot invoke "String.equals(Object)" because "browserName" is null]]>
            </message>
            <full-stacktrace>
              <![CDATA[java.lang.NullPointerException: Cannot invoke "String.equals(Object)" because "browserName" is null
at basePackage.DriverFactory.initiateDriver(DriverFactory.java:21)
at runner.ApplicationHooks.launchBrowser(ApplicationHooks.java:26)
]]>
            </full-stacktrace>
          </exception> <!-- java.lang.NullPointerException -->
          <reporter-output>
          </reporter-output>
        </test-method> <!-- scenario -->
        <test-method is-config="true" signature="tearDownClass()[pri:0, instance:runner.TestRunner@f5acb9d]" started-at="2022-07-02T14:21:33 IST" name="tearDownClass" finished-at="2022-07-02T14:21:33 IST" duration-ms="53" status="PASS">
          <reporter-output>
          </reporter-output>
        </test-method> <!-- tearDownClass -->
      </class> <!-- runner.TestRunner -->
    </test> <!-- Default test -->
  </suite> <!-- Default suite -->
</testng-results>
