<?xml version="1.0" encoding="UTF-8"?>
<testng-results ignored="0" total="0" passed="0" failed="0" skipped="0">
  <reporter-output>
  </reporter-output>
  <suite started-at="2022-01-24T16:39:04 IST" name="Default suite" finished-at="2022-01-24T16:39:04 IST" duration-ms="868">
    <groups>
      <group name="cucumber">
        <method signature="BaseDriver.scenario(io.cucumber.testng.PickleWrapper,io.cucumber.testng.FeatureWrapper)[pri:0, instance:runner.TestRunner@73e9cf30]" name="scenario" class="basePackage.BaseDriver"/>
      </group> <!-- cucumber -->
    </groups>
    <test started-at="2022-01-24T16:39:04 IST" name="Default test" finished-at="2022-01-24T16:39:04 IST" duration-ms="868">
      <class name="runner.TestRunner">
        <test-method is-config="true" signature="setUpClass()[pri:0, instance:runner.TestRunner@73e9cf30]" started-at="2022-01-24T16:39:04 IST" name="setUpClass" finished-at="2022-01-24T16:39:04 IST" duration-ms="731" status="PASS">
          <reporter-output>
          </reporter-output>
        </test-method> <!-- setUpClass -->
        <test-method is-config="true" signature="tearDownClass()[pri:0, instance:runner.TestRunner@73e9cf30]" started-at="2022-01-24T16:39:04 IST" name="tearDownClass" finished-at="2022-01-24T16:39:04 IST" duration-ms="33" status="PASS">
          <reporter-output>
          </reporter-output>
        </test-method> <!-- tearDownClass -->
      </class> <!-- runner.TestRunner -->
    </test> <!-- Default test -->
  </suite> <!-- Default suite -->
</testng-results>
