<?xml version="1.0" encoding="UTF-8"?>
<testng-results ignored="0" total="2" passed="1" failed="1" skipped="0">
  <reporter-output>
  </reporter-output>
  <suite started-at="2022-02-14T16:00:57 IST" name="Default suite" finished-at="2022-02-14T16:02:29 IST" duration-ms="91654">
    <groups>
      <group name="cucumber">
        <method signature="BaseDriver.scenario(io.cucumber.testng.PickleWrapper,io.cucumber.testng.FeatureWrapper)[pri:0, instance:runner.TestRunner@1b11171f]" name="scenario" class="basePackage.BaseDriver"/>
      </group> <!-- cucumber -->
    </groups>
    <test started-at="2022-02-14T16:00:57 IST" name="Default test" finished-at="2022-02-14T16:02:29 IST" duration-ms="91654">
      <class name="runner.TestRunner">
        <test-method is-config="true" signature="setUpClass()[pri:0, instance:runner.TestRunner@1b11171f]" started-at="2022-02-14T16:00:57 IST" name="setUpClass" finished-at="2022-02-14T16:00:58 IST" duration-ms="606" status="PASS">
          <reporter-output>
          </reporter-output>
        </test-method> <!-- setUpClass -->
        <test-method signature="scenario(io.cucumber.testng.PickleWrapper,io.cucumber.testng.FeatureWrapper)[pri:0, instance:runner.TestRunner@1b11171f]" started-at="2022-02-14T16:00:58 IST" name="scenario" description="Runs Cucumber Scenarios" data-provider="scenarios" finished-at="2022-02-14T16:01:54 IST" duration-ms="56596" status="PASS">
          <params>
            <param index="0">
              <value>
                <![CDATA["guru99 login test scenario"]]>
              </value>
            </param>
            <param index="1">
              <value>
                <![CDATA["Optional[guru99 login feature]"]]>
              </value>
            </param>
          </params>
          <reporter-output>
          </reporter-output>
        </test-method> <!-- scenario -->
        <test-method signature="scenario(io.cucumber.testng.PickleWrapper,io.cucumber.testng.FeatureWrapper)[pri:0, instance:runner.TestRunner@1b11171f]" started-at="2022-02-14T16:01:54 IST" name="scenario" description="Runs Cucumber Scenarios" data-provider="scenarios" finished-at="2022-02-14T16:02:28 IST" duration-ms="34124" status="FAIL">
          <params>
            <param index="0">
              <value>
                <![CDATA["guru99 login test scenario"]]>
              </value>
            </param>
            <param index="1">
              <value>
                <![CDATA["Optional[guru99 login feature]"]]>
              </value>
            </param>
          </params>
          <exception class="org.openqa.selenium.WebDriverException">
            <message>
              <![CDATA[chrome not reachable
  (Session info: chrome=98.0.4758.82)
Build info: version: '3.141.59', revision: 'e82be7d358', time: '2018-11-14T08:17:03'
System info: host: 'AH4000691LT', ip: '192.168.0.100', os.name: 'Windows 10', os.arch: 'amd64', os.version: '10.0', java.version: '17'
Driver info: org.openqa.selenium.chrome.ChromeDriver
Capabilities {acceptInsecureCerts: false, browserName: chrome, browserVersion: 98.0.4758.82, chrome: {chromedriverVersion: 98.0.4758.80 (7f0488e8ba0d8..., userDataDir: C:\Users\JAYESH~1.KUL\AppDa...}, goog:chromeOptions: {debuggerAddress: localhost:52520}, javascriptEnabled: true, networkConnectionEnabled: false, pageLoadStrategy: normal, platform: WINDOWS, platformName: WINDOWS, proxy: Proxy(), setWindowRect: true, strictFileInteractability: false, timeouts: {implicit: 0, pageLoad: 300000, script: 30000}, unhandledPromptBehavior: dismiss and notify, webauthn:extension:credBlob: true, webauthn:extension:largeBlob: true, webauthn:virtualAuthenticators: true}
Session ID: b326037669a475f704fd29b3d769da2c
*** Element info: {Using=xpath, value=//input[@name='password']}]]>
            </message>
            <full-stacktrace>
              <![CDATA[org.openqa.selenium.WebDriverException: chrome not reachable
  (Session info: chrome=98.0.4758.82)
Build info: version: '3.141.59', revision: 'e82be7d358', time: '2018-11-14T08:17:03'
System info: host: 'AH4000691LT', ip: '192.168.0.100', os.name: 'Windows 10', os.arch: 'amd64', os.version: '10.0', java.version: '17'
Driver info: org.openqa.selenium.chrome.ChromeDriver
Capabilities {acceptInsecureCerts: false, browserName: chrome, browserVersion: 98.0.4758.82, chrome: {chromedriverVersion: 98.0.4758.80 (7f0488e8ba0d8..., userDataDir: C:\Users\JAYESH~1.KUL\AppDa...}, goog:chromeOptions: {debuggerAddress: localhost:52520}, javascriptEnabled: true, networkConnectionEnabled: false, pageLoadStrategy: normal, platform: WINDOWS, platformName: WINDOWS, proxy: Proxy(), setWindowRect: true, strictFileInteractability: false, timeouts: {implicit: 0, pageLoad: 300000, script: 30000}, unhandledPromptBehavior: dismiss and notify, webauthn:extension:credBlob: true, webauthn:extension:largeBlob: true, webauthn:virtualAuthenticators: true}
Session ID: b326037669a475f704fd29b3d769da2c
*** Element info: {Using=xpath, value=//input[@name='password']}
at java.base/jdk.internal.reflect.NativeConstructorAccessorImpl.newInstance0(Native Method)
at java.base/jdk.internal.reflect.NativeConstructorAccessorImpl.newInstance(NativeConstructorAccessorImpl.java:77)
at java.base/jdk.internal.reflect.DelegatingConstructorAccessorImpl.newInstance(DelegatingConstructorAccessorImpl.java:45)
at java.base/java.lang.reflect.Constructor.newInstanceWithCaller(Constructor.java:499)
at java.base/java.lang.reflect.Constructor.newInstance(Constructor.java:480)
at org.openqa.selenium.remote.http.W3CHttpResponseCodec.createException(W3CHttpResponseCodec.java:187)
at org.openqa.selenium.remote.http.W3CHttpResponseCodec.decode(W3CHttpResponseCodec.java:122)
at org.openqa.selenium.remote.http.W3CHttpResponseCodec.decode(W3CHttpResponseCodec.java:49)
at org.openqa.selenium.remote.HttpCommandExecutor.execute(HttpCommandExecutor.java:158)
at org.openqa.selenium.remote.service.DriverCommandExecutor.execute(DriverCommandExecutor.java:83)
at org.openqa.selenium.remote.RemoteWebDriver.execute(RemoteWebDriver.java:552)
at org.openqa.selenium.remote.RemoteWebDriver.findElement(RemoteWebDriver.java:323)
at org.openqa.selenium.remote.RemoteWebDriver.findElementByXPath(RemoteWebDriver.java:428)
at org.openqa.selenium.By$ByXPath.findElement(By.java:353)
at org.openqa.selenium.remote.RemoteWebDriver.findElement(RemoteWebDriver.java:315)
at org.openqa.selenium.support.pagefactory.DefaultElementLocator.findElement(DefaultElementLocator.java:69)
at org.openqa.selenium.support.pagefactory.internal.LocatingElementHandler.invoke(LocatingElementHandler.java:38)
at jdk.proxy2/jdk.proxy2.$Proxy24.sendKeys(Unknown Source)
at pages.LoginPage.EnterUserID_and_Password(LoginPage.java:36)
at stepDefinition.LoginStepDefinition.user_enters_user_id_and_password_from_given_sheetname_and_rownumber(LoginStepDefinition.java:70)
at ✽.user enters userID and Password from given sheetname "LoginAndAddCustomerDetails" and rownumber 1(file:///C:/Users/Jayesh.Kulkarni/eclipse-workspace/BDD/src/test/resources/features/Login.feature:9)
]]>
            </full-stacktrace>
          </exception> <!-- org.openqa.selenium.WebDriverException -->
          <reporter-output>
          </reporter-output>
        </test-method> <!-- scenario -->
        <test-method is-config="true" signature="tearDownClass()[pri:0, instance:runner.TestRunner@1b11171f]" started-at="2022-02-14T16:02:28 IST" name="tearDownClass" finished-at="2022-02-14T16:02:29 IST" duration-ms="240" status="PASS">
          <reporter-output>
          </reporter-output>
        </test-method> <!-- tearDownClass -->
      </class> <!-- runner.TestRunner -->
    </test> <!-- Default test -->
  </suite> <!-- Default suite -->
</testng-results>
