<?xml version="1.0" encoding="UTF-8"?>
<testng-results ignored="0" total="1" passed="0" failed="1" skipped="0">
  <reporter-output>
  </reporter-output>
  <suite started-at="2022-07-04T08:59:21 IST" name="Default suite" finished-at="2022-07-04T08:59:53 IST" duration-ms="32171">
    <groups>
      <group name="cucumber">
        <method signature="BaseDriver.scenario(io.cucumber.testng.PickleWrapper,io.cucumber.testng.FeatureWrapper)[pri:0, instance:runner.TestRunner@2f217633]" name="scenario" class="basePackage.BaseDriver"/>
      </group> <!-- cucumber -->
    </groups>
    <test started-at="2022-07-04T08:59:21 IST" name="Default test" finished-at="2022-07-04T08:59:53 IST" duration-ms="32171">
      <class name="runner.TestRunner">
        <test-method is-config="true" signature="setUpClass()[pri:0, instance:runner.TestRunner@2f217633]" started-at="2022-07-04T08:59:21 IST" name="setUpClass" finished-at="2022-07-04T08:59:22 IST" duration-ms="994" status="PASS">
          <reporter-output>
          </reporter-output>
        </test-method> <!-- setUpClass -->
        <test-method signature="scenario(io.cucumber.testng.PickleWrapper,io.cucumber.testng.FeatureWrapper)[pri:0, instance:runner.TestRunner@2f217633]" started-at="2022-07-04T08:59:22 IST" name="scenario" description="Runs Cucumber Scenarios" data-provider="scenarios" finished-at="2022-07-04T08:59:53 IST" duration-ms="30992" status="FAIL">
          <params>
            <param index="0">
              <value>
                <![CDATA["guru99 login test scenario"]]>
              </value>
            </param>
            <param index="1">
              <value>
                <![CDATA["Optional[guru99 login feature]"]]>
              </value>
            </param>
          </params>
          <exception class="java.lang.IllegalArgumentException">
            <message>
              <![CDATA[Keys to send should be a not null CharSequence]]>
            </message>
            <full-stacktrace>
              <![CDATA[java.lang.IllegalArgumentException: Keys to send should be a not null CharSequence
at org.openqa.selenium.remote.RemoteWebElement.sendKeys(RemoteWebElement.java:97)
at pages.LoginAddCustomerPage.EnterBillingAddress(LoginAddCustomerPage.java:91)
at stepDefinition.LoginStepDefinition.User_Enters_BillingAddress(LoginStepDefinition.java:157)
at ✽.user enters billing address from given sheetname "loginDetails" and rownumber 0(file:///C:/Users/Jayesh.Kulkarni/eclipse-workspace/CucumberBDDTestNG/src/test/resources/features/Login.feature:16)
]]>
            </full-stacktrace>
          </exception> <!-- java.lang.IllegalArgumentException -->
          <reporter-output>
          </reporter-output>
        </test-method> <!-- scenario -->
        <test-method is-config="true" signature="tearDownClass()[pri:0, instance:runner.TestRunner@2f217633]" started-at="2022-07-04T08:59:53 IST" name="tearDownClass" finished-at="2022-07-04T08:59:53 IST" duration-ms="111" status="PASS">
          <reporter-output>
          </reporter-output>
        </test-method> <!-- tearDownClass -->
      </class> <!-- runner.TestRunner -->
    </test> <!-- Default test -->
  </suite> <!-- Default suite -->
</testng-results>
