<?xml version="1.0" encoding="UTF-8"?>
<testng-results ignored="0" total="6" passed="6" failed="0" skipped="0">
  <reporter-output>
  </reporter-output>
  <suite started-at="2024-01-05T12:20:16 IST" name="Default suite" finished-at="2024-01-05T12:25:16 IST" duration-ms="300201">
    <groups>
      <group name="cucumber">
        <method signature="BaseDriver.scenario(io.cucumber.testng.PickleWrapper,io.cucumber.testng.FeatureWrapper)[pri:0, instance:stepDefinition.TestRunner@130c12b7]" name="scenario" class="basePackage.BaseDriver"/>
      </group> <!-- cucumber -->
    </groups>
    <test started-at="2024-01-05T12:20:16 IST" name="Default test" finished-at="2024-01-05T12:25:16 IST" duration-ms="300201">
      <class name="stepDefinition.TestRunner">
        <test-method is-config="true" signature="setUpClass()[pri:0, instance:stepDefinition.TestRunner@130c12b7]" started-at="2024-01-05T12:20:16 IST" name="setUpClass" finished-at="2024-01-05T12:20:17 IST" duration-ms="648" status="PASS">
          <reporter-output>
          </reporter-output>
        </test-method> <!-- setUpClass -->
        <test-method signature="scenario(io.cucumber.testng.PickleWrapper,io.cucumber.testng.FeatureWrapper)[pri:0, instance:stepDefinition.TestRunner@130c12b7]" started-at="2024-01-05T12:20:17 IST" name="scenario" description="Runs Cucumber Scenarios" data-provider="scenarios" finished-at="2024-01-05T12:21:04 IST" duration-ms="46949" status="PASS">
          <params>
            <param index="0">
              <value>
                <![CDATA["Validate all the tabs on Inspection Manager Home Page"]]>
              </value>
            </param>
            <param index="1">
              <value>
                <![CDATA["Optional[Verify Inspector Manager]"]]>
              </value>
            </param>
          </params>
          <reporter-output>
          </reporter-output>
        </test-method> <!-- scenario -->
        <test-method signature="scenario(io.cucumber.testng.PickleWrapper,io.cucumber.testng.FeatureWrapper)[pri:0, instance:stepDefinition.TestRunner@130c12b7]" started-at="2024-01-05T12:21:04 IST" name="scenario" description="Runs Cucumber Scenarios" data-provider="scenarios" finished-at="2024-01-05T12:22:14 IST" duration-ms="70076" status="PASS">
          <params>
            <param index="0">
              <value>
                <![CDATA["Validate inspector fills the information and clicks on Cancel Button"]]>
              </value>
            </param>
            <param index="1">
              <value>
                <![CDATA["Optional[Verify Inspector Manager]"]]>
              </value>
            </param>
          </params>
          <reporter-output>
          </reporter-output>
        </test-method> <!-- scenario -->
        <test-method signature="scenario(io.cucumber.testng.PickleWrapper,io.cucumber.testng.FeatureWrapper)[pri:0, instance:stepDefinition.TestRunner@130c12b7]" started-at="2024-01-05T12:22:14 IST" name="scenario" description="Runs Cucumber Scenarios" data-provider="scenarios" finished-at="2024-01-05T12:23:16 IST" duration-ms="62491" status="PASS">
          <params>
            <param index="0">
              <value>
                <![CDATA["Validate inspector fills the information and completes the Inspection form"]]>
              </value>
            </param>
            <param index="1">
              <value>
                <![CDATA["Optional[Verify Inspector Manager]"]]>
              </value>
            </param>
          </params>
          <reporter-output>
          </reporter-output>
        </test-method> <!-- scenario -->
        <test-method signature="scenario(io.cucumber.testng.PickleWrapper,io.cucumber.testng.FeatureWrapper)[pri:0, instance:stepDefinition.TestRunner@130c12b7]" started-at="2024-01-05T12:23:16 IST" name="scenario" description="Runs Cucumber Scenarios" data-provider="scenarios" finished-at="2024-01-05T12:24:02 IST" duration-ms="45146" status="PASS">
          <params>
            <param index="0">
              <value>
                <![CDATA["Validate successful login into the system"]]>
              </value>
            </param>
            <param index="1">
              <value>
                <![CDATA["Optional[Verify login feature]"]]>
              </value>
            </param>
          </params>
          <reporter-output>
          </reporter-output>
        </test-method> <!-- scenario -->
        <test-method signature="scenario(io.cucumber.testng.PickleWrapper,io.cucumber.testng.FeatureWrapper)[pri:0, instance:stepDefinition.TestRunner@130c12b7]" started-at="2024-01-05T12:24:02 IST" name="scenario" description="Runs Cucumber Scenarios" data-provider="scenarios" finished-at="2024-01-05T12:24:29 IST" duration-ms="27265" status="PASS">
          <params>
            <param index="0">
              <value>
                <![CDATA["Validate login into the system with invalid credentials"]]>
              </value>
            </param>
            <param index="1">
              <value>
                <![CDATA["Optional[Verify login feature]"]]>
              </value>
            </param>
          </params>
          <reporter-output>
          </reporter-output>
        </test-method> <!-- scenario -->
        <test-method signature="scenario(io.cucumber.testng.PickleWrapper,io.cucumber.testng.FeatureWrapper)[pri:0, instance:stepDefinition.TestRunner@130c12b7]" started-at="2024-01-05T12:24:29 IST" name="scenario" description="Runs Cucumber Scenarios" data-provider="scenarios" finished-at="2024-01-05T12:25:14 IST" duration-ms="44790" status="PASS">
          <params>
            <param index="0">
              <value>
                <![CDATA["Validate successful Logout from the system"]]>
              </value>
            </param>
            <param index="1">
              <value>
                <![CDATA["Optional[Verify login feature]"]]>
              </value>
            </param>
          </params>
          <reporter-output>
          </reporter-output>
        </test-method> <!-- scenario -->
        <test-method is-config="true" signature="tearDownClass()[pri:0, instance:stepDefinition.TestRunner@130c12b7]" started-at="2024-01-05T12:25:14 IST" name="tearDownClass" finished-at="2024-01-05T12:25:16 IST" duration-ms="2793" status="PASS">
          <reporter-output>
          </reporter-output>
        </test-method> <!-- tearDownClass -->
      </class> <!-- stepDefinition.TestRunner -->
    </test> <!-- Default test -->
  </suite> <!-- Default suite -->
</testng-results>
