<?xml version="1.0" encoding="UTF-8"?>
<testng-results ignored="0" total="2" passed="2" failed="0" skipped="0">
  <reporter-output>
  </reporter-output>
  <suite started-at="2022-05-12T14:59:11 IST" name="Default suite" finished-at="2022-05-12T14:59:14 IST" duration-ms="2444">
    <groups>
    </groups>
    <test started-at="2022-05-12T14:59:11 IST" name="Default test" finished-at="2022-05-12T14:59:14 IST" duration-ms="2444">
      <class name="dataDriven.DeleteDataDriven">
        <test-method signature="delete_test(int)[pri:0, instance:dataDriven.DeleteDataDriven@4efc180e]" started-at="2022-05-12T14:59:11 IST" name="delete_test" data-provider="DeleteData" finished-at="2022-05-12T14:59:13 IST" duration-ms="2277" status="PASS">
          <params>
            <param index="0">
              <value>
                <![CDATA[7]]>
              </value>
            </param>
          </params>
          <reporter-output>
          </reporter-output>
        </test-method> <!-- delete_test -->
        <test-method signature="delete_test(int)[pri:0, instance:dataDriven.DeleteDataDriven@4efc180e]" started-at="2022-05-12T14:59:13 IST" name="delete_test" data-provider="DeleteData" finished-at="2022-05-12T14:59:14 IST" duration-ms="56" status="PASS">
          <params>
            <param index="0">
              <value>
                <![CDATA[8]]>
              </value>
            </param>
          </params>
          <reporter-output>
          </reporter-output>
        </test-method> <!-- delete_test -->
      </class> <!-- dataDriven.DeleteDataDriven -->
    </test> <!-- Default test -->
  </suite> <!-- Default suite -->
</testng-results>
