<?xml version="1.0" encoding="UTF-8"?>
<testng-results ignored="0" total="0" passed="0" failed="0" skipped="0">
  <reporter-output>
  </reporter-output>
  <suite started-at="2021-12-30T17:19:14 IST" name="Testng Cucumber Suite" finished-at="2021-12-30T17:19:15 IST" duration-ms="474">
    <groups>
      <group name="cucumber">
        <method signature="AbstractTestNGCucumberTests.runScenario(io.cucumber.testng.PickleWrapper,io.cucumber.testng.FeatureWrapper)[pri:0, instance:stepDefinition.testRunner@52b1beb6]" name="runScenario" class="io.cucumber.testng.AbstractTestNGCucumberTests"/>
      </group> <!-- cucumber -->
    </groups>
    <test started-at="2021-12-30T17:19:14 IST" name="SmokeSuite" finished-at="2021-12-30T17:19:15 IST" duration-ms="474">
      <class name="stepDefinition.testRunner">
        <test-method is-config="true" signature="setUpClass()[pri:0, instance:stepDefinition.testRunner@52b1beb6]" started-at="2021-12-30T17:19:14 IST" name="setUpClass" finished-at="2021-12-30T17:19:14 IST" duration-ms="404" status="PASS">
          <reporter-output>
          </reporter-output>
        </test-method> <!-- setUpClass -->
        <test-method is-config="true" signature="tearDownClass()[pri:0, instance:stepDefinition.testRunner@52b1beb6]" started-at="2021-12-30T17:19:15 IST" name="tearDownClass" finished-at="2021-12-30T17:19:15 IST" duration-ms="17" status="PASS">
          <reporter-output>
          </reporter-output>
        </test-method> <!-- tearDownClass -->
      </class> <!-- stepDefinition.testRunner -->
    </test> <!-- SmokeSuite -->
  </suite> <!-- Testng Cucumber Suite -->
</testng-results>
