<?xml version="1.0" encoding="UTF-8"?>
<testng-results ignored="0" total="0" passed="0" failed="0" skipped="0">
  <reporter-output>
  </reporter-output>
  <suite started-at="2021-12-28T19:03:14 IST" name="Testng Cucumber Suite" finished-at="2021-12-28T19:03:14 IST" duration-ms="21">
    <groups>
    </groups>
    <test started-at="2021-12-28T19:03:14 IST" name="SmokeSuite" finished-at="2021-12-28T19:03:14 IST" duration-ms="21">
    </test> <!-- SmokeSuite -->
  </suite> <!-- Testng Cucumber Suite -->
</testng-results>
