<?xml version="1.0" encoding="UTF-8"?>
<!-- Generated by org.testng.reporters.JUnitXMLReporter -->
<testsuite ignored="0" hostname="AH4000691LT" failures="1" tests="1" name="Default test" time="1.2" errors="0" timestamp="2022-07-02T14:21:33 IST">
  <testcase classname="basePackage.BaseDriver" name="scenario" time="0.161">
    <failure type="java.lang.NullPointerException" message="Cannot invoke &amp;quot;String.equals(Object)&amp;quot; because &amp;quot;browserName&amp;quot; is null">
      <![CDATA[java.lang.NullPointerException: Cannot invoke "String.equals(Object)" because "browserName" is null
at basePackage.DriverFactory.initiateDriver(DriverFactory.java:21)
at runner.ApplicationHooks.launchBrowser(ApplicationHooks.java:26)
]]>
    </failure>
  </testcase> <!-- scenario -->
</testsuite> <!-- Default test -->
