<?xml version="1.0" encoding="UTF-8"?>
<testng-results ignored="0" total="1" passed="1" failed="0" skipped="0">
  <reporter-output>
  </reporter-output>
  <suite started-at="2022-11-03T10:53:14 IST" name="Default suite" finished-at="2022-11-03T10:53:29 IST" duration-ms="14708">
    <groups>
    </groups>
    <test started-at="2022-11-03T10:53:14 IST" name="Default test" finished-at="2022-11-03T10:53:29 IST" duration-ms="14708">
      <class name="stepDefinition.WebTables">
        <test-method signature="VerifyTable()[pri:0, instance:stepDefinition.WebTables@247d8ae]" started-at="2022-11-03T10:53:14 IST" name="VerifyTable" finished-at="2022-11-03T10:53:29 IST" duration-ms="14639" status="PASS">
          <reporter-output>
          </reporter-output>
        </test-method> <!-- VerifyTable -->
      </class> <!-- stepDefinition.WebTables -->
    </test> <!-- Default test -->
  </suite> <!-- Default suite -->
</testng-results>
