<?xml version="1.0" encoding="UTF-8"?>
<!-- Generated by org.testng.reporters.JUnitReportReporter -->
<testsuite hostname="AH4000691LT" failures="0" tests="1" name="runner.TestRunner" time="30.992" errors="1" timestamp="2022-07-04T08:59:54 IST" skipped="0">
  <testcase classname="runner.TestRunner" name="scenario" time="30.992">
    <error message="Keys to send should be a not null CharSequence" type="java.lang.IllegalArgumentException">
      <![CDATA[java.lang.IllegalArgumentException: Keys to send should be a not null CharSequence
at org.openqa.selenium.remote.RemoteWebElement.sendKeys(RemoteWebElement.java:97)
at pages.LoginAddCustomerPage.EnterBillingAddress(LoginAddCustomerPage.java:91)
at stepDefinition.LoginStepDefinition.User_Enters_BillingAddress(LoginStepDefinition.java:157)
at ✽.user enters billing address from given sheetname "loginDetails" and rownumber 0(file:///C:/Users/Jayesh.Kulkarni/eclipse-workspace/CucumberBDDTestNG/src/test/resources/features/Login.feature:16)
]]>
    </error>
  </testcase> <!-- scenario -->
  <system-out/>
</testsuite> <!-- runner.TestRunner -->
