<?xml version="1.0" encoding="UTF-8"?>
<testng-results ignored="0" total="0" passed="0" failed="0" skipped="0">
  <reporter-output>
  </reporter-output>
  <suite started-at="2021-12-29T15:25:06 IST" name="Testng Cucumber Suite" finished-at="2021-12-29T15:25:06 IST" duration-ms="24">
    <groups>
    </groups>
    <test started-at="2021-12-29T15:25:06 IST" name="SmokeSuite" finished-at="2021-12-29T15:25:06 IST" duration-ms="24">
    </test> <!-- SmokeSuite -->
  </suite> <!-- Testng Cucumber Suite -->
</testng-results>
