<?xml version="1.0" encoding="UTF-8" standalone="no"?>
<testsuite errors="0" failures="0" name="io.cucumber.core.plugin.JUnitFormatter" skipped="0" tests="1" time="58.868">
    <testcase classname="Guru99 login and create telecom project" name="telecom project and add customers test scenario" time="58.654">
        <system-out><![CDATA[Given user is present on login page.........................................passed
And title of login page is GTPL Bank Home Page..............................passed
When user enters userID and password........................................passed
And user clicks on login button.............................................passed
Then user is on home page...................................................passed
And user clicks on telecom project..........................................passed
And user clicks on add customer.............................................passed
When user selects background check as done and enters billing address.......passed
And user again comes on telecom projects homepage...........................passed
]]></system-out>
    </testcase>
</testsuite>
